# JRE version: Java(TM) SE Runtime Environment (17.0.4+11) (build 17.0.4+11-LTS-179)
# Java VM: Java HotSpot(TM) 64-Bit Server VM (17.0.4+11-LTS-179, mixed mode, sharing, tiered, compressed oops, compressed class ptrs, g1 gc, windows-amd64)
GC Precious Log:
 CPUs: 8 total, 8 available
 Memory: 8076M
 Large Page Support: Disabled
 NUMA Support: Disabled
 Compressed Oops: Enabled (32-bit)
 Heap Region Size: 1M
 Heap Min Capacity: 8M
 Heap Initial Capacity: 128M
 Heap Max Capacity: 2020M
 Pre-touch: Disabled
 Parallel Workers: 8
 Concurrent Workers: 2
 Concurrent Refinement Workers: 8
 Periodic GC: Disabled
Heap:
 garbage-first heap   total 48128K, used 29182K [0x0000000081c00000, 0x0000000100000000)
  region size 1024K, 14 young (14336K), 1 survivors (1024K)
 Metaspace       used 29672K, committed 30016K, reserved 1081344K
  class space    used 3999K, committed 4160K, reserved 1048576K
GC Heap History (10 events):
Event: 0.546 GC heap before
{Heap before GC invocations=0 (full 0):
 garbage-first heap   total 131072K, used 23552K [0x0000000081c00000, 0x0000000100000000)
  region size 1024K, 23 young (23552K), 0 survivors (0K)
 Metaspace       used 5197K, committed 5376K, reserved 1056768K
  class space    used 628K, committed 704K, reserved 1048576K
}
Event: 0.550 GC heap after
{Heap after GC invocations=1 (full 0):
 garbage-first heap   total 131072K, used 3563K [0x0000000081c00000, 0x0000000100000000)
  region size 1024K, 3 young (3072K), 3 survivors (3072K)
 Metaspace       used 5197K, committed 5376K, reserved 1056768K
  class space    used 628K, committed 704K, reserved 1048576K
}
Event: 2.495 GC heap before
{Heap before GC invocations=1 (full 0):
 garbage-first heap   total 131072K, used 34283K [0x0000000081c00000, 0x0000000100000000)
  region size 1024K, 34 young (34816K), 3 survivors (3072K)
 Metaspace       used 15672K, committed 15936K, reserved 1064960K
  class space    used 1952K, committed 2112K, reserved 1048576K
}
Event: 2.502 GC heap after
{Heap after GC invocations=2 (full 0):
 garbage-first heap   total 131072K, used 8098K [0x0000000081c00000, 0x0000000100000000)
  region size 1024K, 5 young (5120K), 5 survivors (5120K)
 Metaspace       used 15672K, committed 15936K, reserved 1064960K
  class space    used 1952K, committed 2112K, reserved 1048576K
}
Event: 3.109 GC heap before
{Heap before GC invocations=2 (full 0):
 garbage-first heap   total 131072K, used 31650K [0x0000000081c00000, 0x0000000100000000)
  region size 1024K, 29 young (29696K), 5 survivors (5120K)
 Metaspace       used 21286K, committed 21504K, reserved 1073152K
  class space    used 2925K, committed 3008K, reserved 1048576K
}
Event: 3.113 GC heap after
{Heap after GC invocations=3 (full 0):
 garbage-first heap   total 131072K, used 10778K [0x0000000081c00000, 0x0000000100000000)
  region size 1024K, 8 young (8192K), 8 survivors (8192K)
 Metaspace       used 21286K, committed 21504K, reserved 1073152K
  class space    used 2925K, committed 3008K, reserved 1048576K
}
Event: 4.795 GC heap before
{Heap before GC invocations=4 (full 0):
 garbage-first heap   total 48128K, used 35354K [0x0000000081c00000, 0x0000000100000000)
  region size 1024K, 28 young (28672K), 8 survivors (8192K)
 Metaspace       used 27212K, committed 27520K, reserved 1073152K
  class space    used 3566K, committed 3712K, reserved 1048576K
}
Event: 4.800 GC heap after
{Heap after GC invocations=5 (full 0):
 garbage-first heap   total 48128K, used 17031K [0x0000000081c00000, 0x0000000100000000)
  region size 1024K, 3 young (3072K), 3 survivors (3072K)
 Metaspace       used 27212K, committed 27520K, reserved 1073152K
  class space    used 3566K, committed 3712K, reserved 1048576K
}
Event: 6.061 GC heap before
{Heap before GC invocations=5 (full 0):
 garbage-first heap   total 48128K, used 18055K [0x0000000081c00000, 0x0000000100000000)
  region size 1024K, 4 young (4096K), 3 survivors (3072K)
 Metaspace       used 27270K, committed 27584K, reserved 1073152K
  class space    used 3566K, committed 3712K, reserved 1048576K
}
Event: 6.062 GC heap after
{Heap after GC invocations=6 (full 0):
 garbage-first heap   total 48128K, used 16894K [0x0000000081c00000, 0x0000000100000000)
  region size 1024K, 1 young (1024K), 1 survivors (1024K)
 Metaspace       used 27270K, committed 27584K, reserved 1073152K
  class space    used 3566K, committed 3712K, reserved 1048576K
}

